<?xml version="1.0" encoding="UTF-8"?>
<!-- Generated by org.testng.reporters.JUnitXMLReporter -->
<testsuite hostname="sprust15" name="Test" tests="1" failures="1" timestamp="10 Aug 2020 08:06:32 GMT" time="0.119" errors="0">
  <testcase name="appOpen" time="0.046" classname="casestudy1.Framework1.TC05">
    <failure type="java.lang.NullPointerException">
      <![CDATA[java.lang.NullPointerException
	at java.util.Hashtable.get(Hashtable.java:364)
	at java.util.Properties.getProperty(Properties.java:969)
	at casestudy1.Framework1.Capabilities.Capability(Capabilities.java:31)
	at casestudy1.Framework1.TC05.appOpen(TC05.java:33)
... Removed 24 stack frames]]>
    </failure>
  </testcase> <!-- appOpen -->
</testsuite> <!-- Test -->
