<?xml version="1.0" encoding="UTF-8"?>
<testng-results skipped="0" failed="0" ignored="0" total="1" passed="1">
  <reporter-output>
  </reporter-output>
  <suite name="Default suite" duration-ms="116081" started-at="2020-08-10T13:53:17 IST" finished-at="2020-08-10T13:55:13 IST">
    <groups>
    </groups>
    <test name="Default test" duration-ms="116081" started-at="2020-08-10T13:53:17 IST" finished-at="2020-08-10T13:55:13 IST">
      <class name="casestudy1.Framework1.TC05">
        <test-method status="PASS" signature="hybridTest()[pri:0, instance:casestudy1.Framework1.TC05@25af5db5]" name="hybridTest" duration-ms="115935" started-at="2020-08-10T13:53:17 IST" finished-at="2020-08-10T13:55:13 IST">
          <reporter-output>
          </reporter-output>
        </test-method> <!-- hybridTest -->
      </class> <!-- casestudy1.Framework1.TC05 -->
    </test> <!-- Default test -->
  </suite> <!-- Default suite -->
</testng-results>
